#   1 [    0 ms] ctrl_transfer( 0x80, 0x00, 0x0000, 0x0000, msg )    18 bytes IN : 12 01 00 02 00 00 00 40 81 18 50 01 32 00 01 02 00 01
#   2 [    3 ms] ctrl_transfer( 0x80, 0x00, 0x0000, 0x0000, msg )     9 bytes IN : 09 02 22 00 01 01 00 80 32
#   3 [    6 ms] ctrl_transfer( 0x80, 0x00, 0x0000, 0x0000, msg )    34 bytes IN : \
09 02 22 00 01 01 00 80 32 09 04 00 00 01 03 00 00 00 09 21 00 01 00 01 22 2a 00 07 05 83 03 40 00 01

#   5 [   23 ms] ctrl_transfer( 0x21, 0x0a, 0x0000, 0x0000, msg )     0 bytes OUT
#   6 [   29 ms] ctrl_transfer( 0x80, 0x00, 0x0000, 0x0000, msg )    42 bytes IN : \
05 0c 09 01 a1 01 06 00 ff 09 01 15 00 26 ff 00 95 40 75 08 81 02 a1 02 06 00 ff 09 01 15 00 26 ff 00 95 40 75 08 91 02 c0 c0

#   9 [103132 ms] ctrl_transfer( 0x21, 0x09, 0x0200, 0x0000, msg )    64 bytes OUT: \
01 10 21 41 00 00 00 00 00 00 00 00 00 00 00 00 00 00 00 00 00 00 00 00 00 00 00 00 00 00 00 00 00 00 00 00 00 00 00 00 00 00 00 00 00 00 00 00 00 00 00 00 00 00 00 00 00 00 00 00 00 00 00 00

#   7 [103143 ms] read( 0x83,   64 )    64 bytes IN : \
01 10 aa 00 00 00 00 00 00 00 00 00 00 00 00 00 00 00 00 00 00 00 00 00 00 00 00 00 00 00 00 00 00 00 00 00 00 00 00 00 00 00 00 00 00 00 00 00 00 00 00 00 00 00 00 00 00 00 00 00 00 00 00 00

#  11 [103159 ms] ctrl_transfer( 0x21, 0x09, 0x0200, 0x0000, msg )    64 bytes OUT: \
01 2a 21 41 05 00 00 00 00 00 00 00 00 00 00 00 00 00 00 00 00 00 00 00 00 00 00 00 00 00 00 00 00 00 00 00 00 00 00 00 00 00 00 00 00 00 00 00 00 00 00 00 00 00 00 00 00 00 00 00 00 00 00 00

#   8 [103164 ms] read( 0x83,   64 )    64 bytes IN : \
01 2a aa 00 00 00 00 00 00 00 00 00 00 00 00 00 00 00 00 00 00 00 00 00 00 00 00 00 00 00 00 00 00 00 00 00 00 00 00 00 00 00 00 00 00 00 00 00 00 00 00 00 00 00 00 00 00 00 00 00 00 00 00 00

#  13 [108217 ms] ctrl_transfer( 0x21, 0x09, 0x0200, 0x0000, msg )    64 bytes OUT: \
01 12 00 00 00 00 00 00 00 00 00 00 00 00 00 00 00 00 00 00 00 00 00 00 00 00 00 00 00 00 00 00 00 00 00 00 00 00 00 00 00 00 00 00 00 00 00 00 00 00 00 00 00 00 00 00 00 00 00 00 00 00 00 00

#  10 [108228 ms] read( 0x83,   64 )    64 bytes IN : \
01 12 aa 00 00 00 00 00 00 00 00 00 00 00 00 00 00 00 00 00 00 00 00 00 00 00 00 00 00 00 00 00 00 00 00 00 00 00 00 00 00 00 00 00 00 00 00 00 00 00 00 00 00 00 00 00 00 00 00 00 00 00 00 00

#  15 [108237 ms] ctrl_transfer( 0x21, 0x09, 0x0200, 0x0000, msg )    64 bytes OUT: \
01 16 00 00 00 00 00 00 00 00 00 00 00 00 00 00 00 00 00 00 00 00 00 00 00 00 00 00 00 00 00 00 00 00 00 00 00 00 00 00 00 00 00 00 00 00 00 00 00 00 00 00 00 00 00 00 00 00 00 00 00 00 00 00

#  12 [108243 ms] read( 0x83,   64 )    64 bytes IN : \
01 16 aa 00 00 00 00 00 00 00 00 00 00 00 00 00 00 00 00 00 00 00 00 00 00 00 00 00 00 00 00 00 00 00 00 00 00 00 00 00 00 00 00 00 00 00 00 00 00 00 00 00 00 00 00 00 00 00 00 00 00 00 00 00

#  17 [108257 ms] ctrl_transfer( 0x21, 0x09, 0x0200, 0x0000, msg )    64 bytes OUT: \
01 15 00 00 00 00 00 00 00 00 00 00 00 00 00 00 00 00 00 00 00 00 00 00 00 00 00 00 00 00 00 00 00 00 00 00 00 00 00 00 00 00 00 00 00 00 00 00 00 00 00 00 00 00 00 00 00 00 00 00 00 00 00 00

#  14 [108262 ms] read( 0x83,   64 )    64 bytes IN : \
01 15 aa 00 00 00 00 00 00 00 00 00 00 00 00 00 00 00 00 00 00 00 00 00 00 00 00 00 00 00 00 00 00 00 00 00 00 00 00 00 00 00 00 00 00 00 00 00 00 00 00 00 00 00 00 00 00 00 00 00 00 00 00 00

#  16 [108267 ms] read( 0x83,   64 )    64 bytes IN : \
01 15 04 05 21 41 01 02 66 00 00 00 00 00 00 00 00 00 00 00 00 00 00 00 00 00 00 00 00 00 00 00 00 00 00 00 00 00 00 00 00 00 00 00 00 00 00 00 00 00 00 00 00 00 00 00 00 00 00 00 00 00 00 00

#  20 [108277 ms] ctrl_transfer( 0x21, 0x09, 0x0200, 0x0000, msg )    64 bytes OUT: \
01 2d 00 00 00 00 00 00 00 00 00 00 00 00 00 00 00 00 00 00 00 00 00 00 00 00 00 00 00 00 00 00 00 00 00 00 00 00 00 00 00 00 00 00 00 00 00 00 00 00 00 00 00 00 00 00 00 00 00 00 00 00 00 00

#  18 [108284 ms] read( 0x83,   64 )    64 bytes IN : \
01 2d aa 00 00 00 00 00 00 00 00 00 00 00 00 00 00 00 00 00 00 00 00 00 00 00 00 00 00 00 00 00 00 00 00 00 00 00 00 00 00 00 00 00 00 00 00 00 00 00 00 00 00 00 00 00 00 00 00 00 00 00 00 00

#  19 [108292 ms] read( 0x83,   64 )    64 bytes IN : \
02 2c 00 00 00 00 00 00 00 00 00 00 00 00 00 00 00 00 00 00 00 00 00 00 00 00 00 00 00 00 00 00 00 00 00 00 00 00 00 00 00 00 00 00 00 00 00 00 00 00 00 00 00 00 00 00 00 00 00 00 00 00 00 00

#  23 [108296 ms] ctrl_transfer( 0x21, 0x09, 0x0200, 0x0000, msg )    64 bytes OUT: \
01 29 a1 8f 96 8d 99 97 8f 80 00 00 00 00 00 00 00 00 00 00 00 00 00 00 00 00 00 00 00 00 00 00 00 00 00 00 00 00 00 00 00 00 00 00 00 00 00 00 00 00 00 00 00 00 00 00 00 00 00 00 00 00 00 00

#  21 [108302 ms] read( 0x83,   64 )    64 bytes IN : \
01 29 aa 00 00 00 00 00 00 00 00 00 00 00 00 00 00 00 00 00 00 00 00 00 00 00 00 00 00 00 00 00 00 00 00 00 00 00 00 00 00 00 00 00 00 00 00 00 00 00 00 00 00 00 00 00 00 00 00 00 00 00 00 00

#  25 [108317 ms] ctrl_transfer( 0x21, 0x09, 0x0200, 0x0000, msg )    64 bytes OUT: \
01 17 04 00 00 00 00 00 00 00 00 00 00 00 00 00 00 00 00 00 00 00 00 00 00 00 00 00 00 00 00 00 00 00 00 00 00 00 00 00 00 00 00 00 00 00 00 00 00 00 00 00 00 00 00 00 00 00 00 00 00 00 00 00

#  22 [108324 ms] read( 0x83,   64 )    64 bytes IN : \
01 17 aa 00 00 00 00 00 00 00 00 00 00 00 00 00 00 00 00 00 00 00 00 00 00 00 00 00 00 00 00 00 00 00 00 00 00 00 00 00 00 00 00 00 00 00 00 00 00 00 00 00 00 00 00 00 00 00 00 00 00 00 00 00

#  24 [108352 ms] read( 0x83,   64 )    64 bytes IN : \
02 18 1a 00 01 00 01 00 00 00 00 00 00 00 00 00 00 00 00 00 00 00 00 01 00 00 04 05 00 00 00 00 00 00 00 00 00 00 00 00 00 00 00 00 00 00 00 00 00 00 00 00 00 00 00 00 00 00 00 00 00 00 00 00

#  28 [108407 ms] ctrl_transfer( 0x21, 0x09, 0x0200, 0x0000, msg )    64 bytes OUT: \
01 17 03 00 00 00 00 00 00 00 00 00 00 00 00 00 00 00 00 00 00 00 00 00 00 00 00 00 00 00 00 00 00 00 00 00 00 00 00 00 00 00 00 00 00 00 00 00 00 00 00 00 00 00 00 00 00 00 00 00 00 00 00 00

#  26 [108420 ms] read( 0x83,   64 )    64 bytes IN : \
01 17 aa 00 00 00 00 00 00 00 00 00 00 00 00 00 00 00 00 00 00 00 00 00 00 00 00 00 00 00 00 00 00 00 00 00 00 00 00 00 00 00 00 00 00 00 00 00 00 00 00 00 00 00 00 00 00 00 00 00 00 00 00 00

#  30 [108695 ms] ctrl_transfer( 0x21, 0x09, 0x0200, 0x0000, msg )    64 bytes OUT: \
01 16 00 00 00 00 00 00 00 00 00 00 00 00 00 00 00 00 00 00 00 00 00 00 00 00 00 00 00 00 00 00 00 00 00 00 00 00 00 00 00 00 00 00 00 00 00 00 00 00 00 00 00 00 00 00 00 00 00 00 00 00 00 00

#  27 [108720 ms] read( 0x83,   64 )    64 bytes IN : \
01 16 aa 00 00 00 00 00 00 00 00 00 00 00 00 00 00 00 00 00 00 00 00 00 00 00 00 00 00 00 00 00 00 00 00 00 00 00 00 00 00 00 00 00 00 00 00 00 00 00 00 00 00 00 00 00 00 00 00 00 00 00 00 00


***853 repeats***
#  32 [108838 ms] ctrl_transfer( 0x21, 0x09, 0x0200, 0x0000, msg )    64 bytes OUT: \
01 14 20 20 20 20 20 20 20 20 20 20 20 20 20 20 20 20 20 00 00 00 00 00 00 00 00 00 00 00 00 00 00 00 00 00 00 00 00 00 00 00 00 00 00 00 00 00 00 00 00 00 00 00 00 00 00 00 00 00 00 00 00 00


# 885 [148652 ms] ctrl_transfer( 0x21, 0x09, 0x0200, 0x0000, msg )    64 bytes OUT: \
01 19 66 0a 01 00 00 00 00 00 00 00 00 00 00 00 00 00 00 00 00 00 00 00 00 00 00 00 00 00 00 00 00 00 00 00 00 00 00 00 00 00 00 00 00 00 00 00 00 00 00 00 00 00 00 00 00 00 00 00 00 00 00 00

#  29 [148658 ms] read( 0x83,   64 )    64 bytes IN : \
01 19 aa 00 00 00 00 00 00 00 00 00 00 00 00 00 00 00 00 00 00 00 00 00 00 00 00 00 00 00 00 00 00 00 00 00 00 00 00 00 00 00 00 00 00 00 00 00 00 00 00 00 00 00 00 00 00 00 00 00 00 00 00 00

# 887 [149002 ms] ctrl_transfer( 0x21, 0x09, 0x0200, 0x0000, msg )    64 bytes OUT: \
01 17 03 00 00 00 00 00 00 00 00 00 00 00 00 00 00 00 00 00 00 00 00 00 00 00 00 00 00 00 00 00 00 00 00 00 00 00 00 00 00 00 00 00 00 00 00 00 00 00 00 00 00 00 00 00 00 00 00 00 00 00 00 00

#  31 [149021 ms] read( 0x83,   64 )    64 bytes IN : \
01 17 aa 00 00 00 00 00 00 00 00 00 00 00 00 00 00 00 00 00 00 00 00 00 00 00 00 00 00 00 00 00 00 00 00 00 00 00 00 00 00 00 00 00 00 00 00 00 00 00 00 00 00 00 00 00 00 00 00 00 00 00 00 00

# 889 [149101 ms] ctrl_transfer( 0x21, 0x09, 0x0200, 0x0000, msg )    64 bytes OUT: \
01 17 05 00 00 00 00 00 00 00 00 00 00 00 00 00 00 00 00 00 00 00 00 00 00 00 00 00 00 00 00 00 00 00 00 00 00 00 00 00 00 00 00 00 00 00 00 00 00 00 00 00 00 00 00 00 00 00 00 00 00 00 00 00

# 891 [149203 ms] ctrl_transfer( 0x21, 0x09, 0x0200, 0x0000, msg )    64 bytes OUT: \
01 19 66 0a 01 00 00 00 00 00 00 00 00 00 00 00 00 00 00 00 00 00 00 00 00 00 00 00 00 00 00 00 00 00 00 00 00 00 00 00 00 00 00 00 00 00 00 00 00 00 00 00 00 00 00 00 00 00 00 00 00 00 00 00

# 888 [149211 ms] read( 0x83,   64 )    64 bytes IN : \
01 19 aa 00 00 00 00 00 00 00 00 00 00 00 00 00 00 00 00 00 00 00 00 00 00 00 00 00 00 00 00 00 00 00 00 00 00 00 00 00 00 00 00 00 00 00 00 00 00 00 00 00 00 00 00 00 00 00 00 00 00 00 00 00

# 893 [149302 ms] ctrl_transfer( 0x21, 0x09, 0x0200, 0x0000, msg )    64 bytes OUT: \
01 11 00 00 00 00 00 00 00 00 00 00 00 00 00 00 00 00 00 00 00 00 00 00 00 00 00 00 00 00 00 00 00 00 00 00 00 00 00 00 00 00 00 00 00 00 00 00 00 00 00 00 00 00 00 00 00 00 00 00 00 00 00 00

# 890 [149308 ms] read( 0x83,   64 )    64 bytes IN : \
01 11 aa 00 00 00 00 00 00 00 00 00 00 00 00 00 00 00 00 00 00 00 00 00 00 00 00 00 00 00 00 00 00 00 00 00 00 00 00 00 00 00 00 00 00 00 00 00 00 00 00 00 00 00 00 00 00 00 00 00 00 00 00 00

# 895 [149351 ms] ctrl_transfer( 0x21, 0x09, 0x0200, 0x0000, msg )    64 bytes OUT: \
01 13 20 20 20 20 20 20 20 20 20 20 20 20 20 20 20 20 20 00 00 00 00 00 00 00 00 00 00 00 00 00 00 00 00 00 00 00 00 00 00 00 00 00 00 00 00 00 00 00 00 00 00 00 00 00 00 00 00 00 00 00 00 00

# 896 [149432 ms] ctrl_transfer( 0x21, 0x09, 0x0200, 0x0000, msg )    64 bytes OUT: \
01 14 20 20 20 20 20 20 20 20 20 20 20 20 20 20 20 20 20 00 00 00 00 00 00 00 00 00 00 00 00 00 00 00 00 00 00 00 00 00 00 00 00 00 00 00 00 00 00 00 00 00 00 00 00 00 00 00 00 00 00 00 00 00

# 897 [151020 ms] ctrl_transfer( 0x21, 0x09, 0x0200, 0x0000, msg )    64 bytes OUT: \
01 13 30 3a 30 33 20 20 20 20 50 43 54 20 20 20 20 30 20 00 00 00 00 00 00 00 00 00 00 00 00 00 00 00 00 00 00 00 00 00 00 00 00 00 00 00 00 00 00 00 00 00 00 00 00 00 00 00 00 00 00 00 00 00

# 898 [151094 ms] ctrl_transfer( 0x21, 0x09, 0x0200, 0x0000, msg )    64 bytes OUT: \
01 14 20 20 30 20 20 30 20 20 30 20 20 30 20 20 30 20 20 00 00 00 00 00 00 00 00 00 00 00 00 00 00 00 00 00 00 00 00 00 00 00 00 00 00 00 00 00 00 00 00 00 00 00 00 00 00 00 00 00 00 00 00 00

# 892 [151452 ms] read( 0x83,   64 )    64 bytes IN : \
02 13 81 82 e9 70 00 00 00 00 00 00 00 00 00 00 00 00 00 00 00 00 00 00 00 00 00 00 00 00 00 00 00 00 00 00 00 00 00 00 00 00 00 00 00 00 00 00 00 00 00 00 00 00 00 00 00 00 00 00 00 00 00 00

# 900 [151698 ms] ctrl_transfer( 0x21, 0x09, 0x0200, 0x0000, msg )    64 bytes OUT: \
01 13 30 3a 30 33 20 20 20 20 50 43 54 20 20 20 20 31 20 00 00 00 00 00 00 00 00 00 00 00 00 00 00 00 00 00 00 00 00 00 00 00 00 00 00 00 00 00 00 00 00 00 00 00 00 00 00 00 00 00 00 00 00 00

# 901 [151776 ms] ctrl_transfer( 0x21, 0x09, 0x0200, 0x0000, msg )    64 bytes OUT: \
01 14 20 31 30 30 20 20 30 20 20 30 20 20 30 20 20 30 20 00 00 00 00 00 00 00 00 00 00 00 00 00 00 00 00 00 00 00 00 00 00 00 00 00 00 00 00 00 00 00 00 00 00 00 00 00 00 00 00 00 00 00 00 00

# 902 [151966 ms] ctrl_transfer( 0x21, 0x09, 0x0200, 0x0000, msg )    64 bytes OUT: \
01 13 30 3a 30 34 20 20 20 20 50 43 54 20 20 20 20 31 20 00 00 00 00 00 00 00 00 00 00 00 00 00 00 00 00 00 00 00 00 00 00 00 00 00 00 00 00 00 00 00 00 00 00 00 00 00 00 00 00 00 00 00 00 00

# 903 [153048 ms] ctrl_transfer( 0x21, 0x09, 0x0200, 0x0000, msg )    64 bytes OUT: \
01 13 30 3a 30 35 20 20 20 20 50 43 54 20 20 20 20 31 20 00 00 00 00 00 00 00 00 00 00 00 00 00 00 00 00 00 00 00 00 00 00 00 00 00 00 00 00 00 00 00 00 00 00 00 00 00 00 00 00 00 00 00 00 00

# 904 [154001 ms] ctrl_transfer( 0x21, 0x09, 0x0200, 0x0000, msg )    64 bytes OUT: \
01 13 30 3a 30 36 20 20 20 20 50 43 54 20 20 20 20 31 20 00 00 00 00 00 00 00 00 00 00 00 00 00 00 00 00 00 00 00 00 00 00 00 00 00 00 00 00 00 00 00 00 00 00 00 00 00 00 00 00 00 00 00 00 00

# 905 [155001 ms] ctrl_transfer( 0x21, 0x09, 0x0200, 0x0000, msg )    64 bytes OUT: \
01 13 30 3a 30 37 20 20 20 20 50 43 54 20 20 20 20 31 20 00 00 00 00 00 00 00 00 00 00 00 00 00 00 00 00 00 00 00 00 00 00 00 00 00 00 00 00 00 00 00 00 00 00 00 00 00 00 00 00 00 00 00 00 00

# 906 [155957 ms] ctrl_transfer( 0x21, 0x09, 0x0200, 0x0000, msg )    64 bytes OUT: \
01 13 30 3a 30 38 20 20 20 20 50 43 54 20 20 20 20 31 20 00 00 00 00 00 00 00 00 00 00 00 00 00 00 00 00 00 00 00 00 00 00 00 00 00 00 00 00 00 00 00 00 00 00 00 00 00 00 00 00 00 00 00 00 00

# 907 [157039 ms] ctrl_transfer( 0x21, 0x09, 0x0200, 0x0000, msg )    64 bytes OUT: \
01 13 30 3a 30 39 20 20 20 20 50 43 54 20 20 20 20 31 20 00 00 00 00 00 00 00 00 00 00 00 00 00 00 00 00 00 00 00 00 00 00 00 00 00 00 00 00 00 00 00 00 00 00 00 00 00 00 00 00 00 00 00 00 00

# 908 [157981 ms] ctrl_transfer( 0x21, 0x09, 0x0200, 0x0000, msg )    64 bytes OUT: \
01 13 30 3a 31 30 20 20 20 20 50 43 54 20 20 20 20 31 20 00 00 00 00 00 00 00 00 00 00 00 00 00 00 00 00 00 00 00 00 00 00 00 00 00 00 00 00 00 00 00 00 00 00 00 00 00 00 00 00 00 00 00 00 00

# 909 [159252 ms] ctrl_transfer( 0x21, 0x09, 0x0200, 0x0000, msg )    64 bytes OUT: \
01 12 00 00 00 00 00 00 00 00 00 00 00 00 00 00 00 00 00 00 00 00 00 00 00 00 00 00 00 00 00 00 00 00 00 00 00 00 00 00 00 00 00 00 00 00 00 00 00 00 00 00 00 00 00 00 00 00 00 00 00 00 00 00

# 894 [159260 ms] read( 0x83,   64 )    64 bytes IN : \
01 12 aa 82 e9 70 00 00 00 00 00 00 00 00 00 00 00 00 00 00 00 00 00 00 00 00 00 00 00 00 00 00 00 00 00 00 00 00 00 00 00 00 00 00 00 00 00 00 00 00 00 00 00 00 00 00 00 00 00 00 00 00 00 00

# 911 [159272 ms] ctrl_transfer( 0x21, 0x09, 0x0200, 0x0000, msg )    64 bytes OUT: \
01 16 00 00 00 00 00 00 00 00 00 00 00 00 00 00 00 00 00 00 00 00 00 00 00 00 00 00 00 00 00 00 00 00 00 00 00 00 00 00 00 00 00 00 00 00 00 00 00 00 00 00 00 00 00 00 00 00 00 00 00 00 00 00

# 899 [159279 ms] read( 0x83,   64 )    64 bytes IN : \
01 16 aa 00 00 00 00 00 00 00 00 00 00 00 00 00 00 00 00 00 00 00 00 00 00 00 00 00 00 00 00 00 00 00 00 00 00 00 00 00 00 00 00 00 00 00 00 00 00 00 00 00 00 00 00 00 00 00 00 00 00 00 00 00


***2 repeats***
# 913 [159293 ms] ctrl_transfer( 0x21, 0x09, 0x0200, 0x0000, msg )    64 bytes OUT: \
01 17 01 00 04 00 00 00 00 00 00 00 00 00 00 00 00 00 00 00 00 00 00 00 00 00 00 00 00 00 00 00 00 00 00 00 00 00 00 00 00 00 00 00 00 00 00 00 00 00 00 00 00 00 00 00 00 00 00 00 00 00 00 00

# 910 [159299 ms] read( 0x83,   64 )    64 bytes IN : \
01 17 aa 00 00 00 00 00 00 00 00 00 00 00 00 00 00 00 00 00 00 00 00 00 00 00 00 00 00 00 00 00 00 00 00 00 00 00 00 00 00 00 00 00 00 00 00 00 00 00 00 00 00 00 00 00 00 00 00 00 00 00 00 00


# 917 [159473 ms] ctrl_transfer( 0x21, 0x09, 0x0200, 0x0000, msg )    64 bytes OUT: \
01 17 03 00 00 00 00 00 00 00 00 00 00 00 00 00 00 00 00 00 00 00 00 00 00 00 00 00 00 00 00 00 00 00 00 00 00 00 00 00 00 00 00 00 00 00 00 00 00 00 00 00 00 00 00 00 00 00 00 00 00 00 00 00

# 914 [159480 ms] read( 0x83,   64 )    64 bytes IN : \
01 17 aa 00 00 00 00 00 00 00 00 00 00 00 00 00 00 00 00 00 00 00 00 00 00 00 00 00 00 00 00 00 00 00 00 00 00 00 00 00 00 00 00 00 00 00 00 00 00 00 00 00 00 00 00 00 00 00 00 00 00 00 00 00

# 919 [159563 ms] ctrl_transfer( 0x21, 0x09, 0x0200, 0x0000, msg )    64 bytes OUT: \
01 17 04 00 00 00 00 00 00 00 00 00 00 00 00 00 00 00 00 00 00 00 00 00 00 00 00 00 00 00 00 00 00 00 00 00 00 00 00 00 00 00 00 00 00 00 00 00 00 00 00 00 00 00 00 00 00 00 00 00 00 00 00 00


***2 repeats***
# 918 [159597 ms] read( 0x83,   64 )    64 bytes IN : \
02 18 1a 00 01 00 00 00 00 00 01 00 01 00 00 00 00 00 00 00 00 00 00 00 01 00 04 05 00 00 00 00 00 00 00 00 00 00 00 00 00 00 00 00 00 00 00 00 00 00 00 00 00 00 00 00 00 00 00 00 00 00 00 00

# 922 [159657 ms] ctrl_transfer( 0x21, 0x09, 0x0200, 0x0000, msg )    64 bytes OUT: \
01 14 20 31 30 30 20 20 30 20 20 30 20 20 30 20 20 30 20 00 00 00 00 00 00 00 00 00 00 00 00 00 00 00 00 00 00 00 00 00 00 00 00 00 00 00 00 00 00 00 00 00 00 00 00 00 00 00 00 00 00 00 00 00



***11 repeats***
# 924 [159743 ms] ctrl_transfer( 0x21, 0x09, 0x0200, 0x0000, msg )    64 bytes OUT: \
01 14 20 31 30 30 20 20 30 20 20 30 20 20 30 20 20 30 20 00 00 00 00 00 00 00 00 00 00 00 00 00 00 00 00 00 00 00 00 00 00 00 00 00 00 00 00 00 00 00 00 00 00 00 00 00 00 00 00 00 00 00 00 00


